LTspice 24.0.12 for Windows
Circuit: * C:\Users\serge\Documents\repos\wulpus_pro\ltspice_sim\wulpus_pro_rx\wulpus_pro_rx.asc
Start Time: Fri Nov  8 14:01:13 2024
Error on line 3 : v1 vga_mcu 0 v
	 Unknown parameter "v"
solver = Normal
Maximum thread count: 14
tnom = 27
temp = 27
method = modified trap
ERROR: Node U1:VSLEW is floating and connected to current source B:U1:SLEW
ERROR: Node U3:I0:I21:1:102 is floating and connected to current source G:U3:I0:I21:1:RA
ERROR: Node U3:I0:I19:1:102 is floating and connected to current source G:U3:I0:I19:1:RA
ERROR: Node U3:I0:I19:1:302 is floating and connected to current source G:U3:I0:I19:1:RC

v1: Missing value, assumed 0V @ DC
U3:i0:vprobe2: Missing value, assumed 0V @ DC
U3:i0:vprobe1: Missing value, assumed 0V @ DC
Direct Newton iteration failed to find .op point.  (Use ".option noopiter" to skip.)
Starting Gmin stepping
Gmin = 10
vernier = 0.5
vernier = 0.25
vernier = 0.125
Gmin = 6.018
vernier = 0.0625
vernier = 0.03125
vernier = 0.015625
vernier = 0.0078125
Gmin = 6.07494
vernier = 0.00390625
vernier = 0.00195312
vernier = 0.000976562
vernier = 0.000488281
Gmin = 6.07124
Gmin = 0
Gmin stepping failed

Starting source stepping with srcstepmethod=0
Source Step = 3.0303%
Source Step = 33.3333%
Source Step = 63.6364%
Source Step = 93.9394%
Source stepping succeeded in finding the operating point.

Ignoring empty pin current: Ix(u1:comm)
Ignoring empty pin current: Ix(u1:gain)
Ignoring empty pin current: Ix(u1:comm)
Ignoring empty pin current: Ix(u1:gain)
Total elapsed time: 0.203 seconds.

